<?xml version="1.0" encoding="UTF-8"?>
<!-- Generated by org.testng.reporters.JUnitXMLReporter -->
<testsuite ignored="12" hostname="PC-PC" failures="0" tests="1" name="Default test" time="3.89" errors="0" timestamp="2021-06-26T10:19:47 IST">
  <testcase classname="com.jbk.test.LoginPageTest" name="verifyURL" time="0.043"/>
  <testcase classname="com.jbk.test.LoginPageTest" name="verifyLogIn" time="0.0">
    <ignored/>
  </testcase> <!-- verifyLogIn -->
  <testcase classname="com.jbk.test.LoginPageTest" name="verifyEmailPlaceholder" time="0.0">
    <ignored/>
  </testcase> <!-- verifyEmailPlaceholder -->
  <testcase classname="com.jbk.test.LoginPageTest" name="verifyWrongPassword" time="0.0">
    <ignored/>
  </testcase> <!-- verifyWrongPassword -->
  <testcase classname="com.jbk.test.LoginPageTest" name="verifySubject" time="0.0">
    <ignored/>
  </testcase> <!-- verifySubject -->
  <testcase classname="com.jbk.test.LoginPageTest" name="verifyMemberLink" time="0.0">
    <ignored/>
  </testcase> <!-- verifyMemberLink -->
  <testcase classname="com.jbk.test.LoginPageTest" name="verifyWrongEmail" time="0.0">
    <ignored/>
  </testcase> <!-- verifyWrongEmail -->
  <testcase classname="com.jbk.test.LoginPageTest" name="verifyBlankPassword" time="0.0">
    <ignored/>
  </testcase> <!-- verifyBlankPassword -->
  <testcase classname="com.jbk.test.LoginPageTest" name="verifyMemberLinkSpell" time="0.0">
    <ignored/>
  </testcase> <!-- verifyMemberLinkSpell -->
  <testcase classname="com.jbk.test.LoginPageTest" name="verifyText" time="0.0">
    <ignored/>
  </testcase> <!-- verifyText -->
  <testcase classname="com.jbk.test.LoginPageTest" name="verifyLogo" time="0.0">
    <ignored/>
  </testcase> <!-- verifyLogo -->
  <testcase classname="com.jbk.test.LoginPageTest" name="verifyBlankEmail" time="0.0">
    <ignored/>
  </testcase> <!-- verifyBlankEmail -->
  <testcase classname="com.jbk.test.LoginPageTest" name="verifyPasswordPlaceholder" time="0.0">
    <ignored/>
  </testcase> <!-- verifyPasswordPlaceholder -->
</testsuite> <!-- Default test -->
