<?xml version="1.0" encoding="UTF-8"?>
<testng-results ignored="12" total="13" passed="1" failed="0" skipped="0">
  <reporter-output>
  </reporter-output>
  <suite started-at="2021-07-06T19:55:50 IST" name="Default suite" finished-at="2021-07-06T19:55:53 IST" duration-ms="3400">
    <groups>
    </groups>
    <test started-at="2021-07-06T19:55:50 IST" name="Default test" finished-at="2021-07-06T19:55:53 IST" duration-ms="3400">
      <class name="com.jbk.test.LoginPageTest">
        <test-method is-config="true" signature="setUp()[pri:0, instance:com.jbk.test.LoginPageTest@4313f5bc]" started-at="2021-07-06T19:55:50 IST" name="setUp" finished-at="2021-07-06T19:55:53 IST" duration-ms="2816" status="PASS">
          <reporter-output>
          </reporter-output>
        </test-method> <!-- setUp -->
        <test-method signature="verifyBlankEmail()[pri:0, instance:com.jbk.test.LoginPageTest@4313f5bc]" started-at="2021-07-06T19:55:53 IST" name="verifyBlankEmail" finished-at="2021-07-06T19:55:53 IST" duration-ms="448" status="PASS">
          <reporter-output>
          </reporter-output>
        </test-method> <!-- verifyBlankEmail -->
        <test-method is-config="true" signature="tearDown()[pri:0, instance:com.jbk.test.LoginPageTest@4313f5bc]" started-at="2021-07-06T19:55:53 IST" name="tearDown" finished-at="2021-07-06T19:55:53 IST" duration-ms="74" status="PASS">
          <reporter-output>
          </reporter-output>
        </test-method> <!-- tearDown -->
      </class> <!-- com.jbk.test.LoginPageTest -->
    </test> <!-- Default test -->
  </suite> <!-- Default suite -->
</testng-results>
