<?xml version="1.0" encoding="UTF-8"?>
<testng-results ignored="12" total="13" passed="1" failed="0" skipped="0">
  <reporter-output>
  </reporter-output>
  <suite started-at="2021-06-26T10:19:43 IST" name="Default suite" finished-at="2021-06-26T10:19:47 IST" duration-ms="3890">
    <groups>
    </groups>
    <test started-at="2021-06-26T10:19:43 IST" name="Default test" finished-at="2021-06-26T10:19:47 IST" duration-ms="3890">
      <class name="com.jbk.test.LoginPageTest">
        <test-method is-config="true" signature="setUp()[pri:0, instance:com.jbk.test.LoginPageTest@1ffe63b9]" started-at="2021-06-26T10:19:43 IST" name="setUp" finished-at="2021-06-26T10:19:47 IST" duration-ms="3618" status="PASS">
          <reporter-output>
          </reporter-output>
        </test-method> <!-- setUp -->
        <test-method signature="verifyURL()[pri:0, instance:com.jbk.test.LoginPageTest@1ffe63b9]" started-at="2021-06-26T10:19:47 IST" name="verifyURL" finished-at="2021-06-26T10:19:47 IST" duration-ms="43" status="PASS">
          <reporter-output>
          </reporter-output>
        </test-method> <!-- verifyURL -->
        <test-method is-config="true" signature="tearDown()[pri:0, instance:com.jbk.test.LoginPageTest@1ffe63b9]" started-at="2021-06-26T10:19:47 IST" name="tearDown" finished-at="2021-06-26T10:19:47 IST" duration-ms="156" status="PASS">
          <reporter-output>
          </reporter-output>
        </test-method> <!-- tearDown -->
      </class> <!-- com.jbk.test.LoginPageTest -->
    </test> <!-- Default test -->
  </suite> <!-- Default suite -->
</testng-results>
